
**** 11/12/15 18:32:43 *********** Evaluation PSpice (Nov 1999) **************

 Class b push-pull amplifier and determine its THD


 ****     CIRCUIT DESCRIPTION


******************************************************************************




Q1 3 1 2 Q2N2222
Q2 2 1 4 Q2N3906
rL 2 0 1k
Vcc 3 0 22V
Vee 0 4 22V

Vin 1 0 ac 0.1mV sin(0 0.1mV 1k)
.lib eval.lib
.ac dec 10 1 20k
.tran 50u 4m 50u
.four 1k 10 V(2)
*.probe
.end

**** 11/12/15 18:32:43 *********** Evaluation PSpice (Nov 1999) **************

 Class b push-pull amplifier and determine its THD


 ****     BJT MODEL PARAMETERS


******************************************************************************




               Q2N2222         Q2N3906         
               NPN             PNP             
          IS   14.340000E-15    1.410000E-15 
          BF  255.9           180.7          
          NF    1               1            
         VAF   74.03           18.7          
         IKF     .2847           .08         
         ISE   14.340000E-15                 
          NE    1.307                        
          BR    6.092           4.977        
          NR    1               1            
          RB   10              10            
          RC    1               2.5          
         CJE   22.010000E-12    8.063000E-12 
         MJE     .377            .3677       
         CJC    7.306000E-12    9.728000E-12 
         MJC     .3416           .5776       
          TF  411.100000E-12  179.300000E-12 
         XTF    3               6            
         VTF    1.7             4            
         ITF     .6              .4          
          TR   46.910000E-09   33.420000E-09 
         XTB    1.5             1.5          
          CN    2.42            2.2          
           D     .87             .52         


**** 11/12/15 18:32:43 *********** Evaluation PSpice (Nov 1999) **************

 Class b push-pull amplifier and determine its THD


 ****     SMALL SIGNAL BIAS SOLUTION       TEMPERATURE =   27.000 DEG C


******************************************************************************



 NODE   VOLTAGE     NODE   VOLTAGE     NODE   VOLTAGE     NODE   VOLTAGE


(    1)    0.0000  (    2) 6.555E-09  (    3)   22.0000  (    4)  -22.0000  




    VOLTAGE SOURCE CURRENTS
    NAME         CURRENT

    Vcc         -3.217E-11
    Vee         -2.212E-11
    Vin          3.492E-12

    TOTAL POWER DISSIPATION   1.19E-09  WATTS


**** 11/12/15 18:32:43 *********** Evaluation PSpice (Nov 1999) **************

 Class b push-pull amplifier and determine its THD


 ****     INITIAL TRANSIENT SOLUTION       TEMPERATURE =   27.000 DEG C


******************************************************************************



 NODE   VOLTAGE     NODE   VOLTAGE     NODE   VOLTAGE     NODE   VOLTAGE


(    1)    0.0000  (    2) 6.555E-09  (    3)   22.0000  (    4)  -22.0000  




    VOLTAGE SOURCE CURRENTS
    NAME         CURRENT

    Vcc         -3.217E-11
    Vee         -2.212E-11
    Vin          3.492E-12

    TOTAL POWER DISSIPATION   1.19E-09  WATTS


**** 11/12/15 18:32:43 *********** Evaluation PSpice (Nov 1999) **************

 Class b push-pull amplifier and determine its THD


 ****     FOURIER ANALYSIS                 TEMPERATURE =   27.000 DEG C


******************************************************************************



FOURIER COMPONENTS OF TRANSIENT RESPONSE V(2)



 DC COMPONENT =   6.562424E-09

 HARMONIC   FREQUENCY    FOURIER    NORMALIZED    PHASE        NORMALIZED
    NO         (HZ)     COMPONENT    COMPONENT    (DEG)       PHASE (DEG)

     1     1.000E+03    1.996E-08    1.000E+00    8.999E+01    0.000E+00
     2     2.000E+03    1.167E-11    5.845E-04    8.684E+01   -9.314E+01
     3     3.000E+03    7.768E-12    3.892E-04    8.588E+01   -1.841E+02
     4     4.000E+03    3.080E-12    1.543E-04    5.319E+01   -3.068E+02
     5     5.000E+03    1.384E-11    6.933E-04   -5.914E+01   -5.091E+02
     6     6.000E+03    1.584E-10    7.937E-03   -6.672E+01   -6.067E+02
     7     7.000E+03    8.867E-11    4.443E-03    1.149E+02   -5.150E+02
     8     8.000E+03    5.849E-11    2.931E-03    1.169E+02   -6.030E+02
     9     9.000E+03    5.575E-11    2.793E-03    1.201E+02   -6.898E+02
    10     1.000E+04    6.626E-11    3.320E-03    1.246E+02   -7.753E+02


     TOTAL HARMONIC DISTORTION =   1.054235E+00 PERCENT


          JOB CONCLUDED

          TOTAL JOB TIME             .02
