
**** 11/09/15 16:32:26 *********** Evaluation PSpice (Nov 1999) **************

 Common Emmitter o/p characteristics


 ****     CIRCUIT DESCRIPTION


******************************************************************************




Vcc 5 0 10V
Vbb 3 0 3V
Rc 2 5 2k
Rb 1 3 220k
Q1 2 1 0 Q2N2222

.dc Vcc 10 0 2V Vbb 0 3 1V 
.lib nom.lib
.probe 
.end

**** 11/09/15 16:32:26 *********** Evaluation PSpice (Nov 1999) **************

 Common Emmitter o/p characteristics


 ****     BJT MODEL PARAMETERS


******************************************************************************




               Q2N2222         
               NPN             
          IS   14.340000E-15 
          BF  255.9          
          NF    1            
         VAF   74.03         
         IKF     .2847       
         ISE   14.340000E-15 
          NE    1.307        
          BR    6.092        
          NR    1            
          RB   10            
          RC    1            
         CJE   22.010000E-12 
         MJE     .377        
         CJC    7.306000E-12 
         MJC     .3416       
          TF  411.100000E-12 
         XTF    3            
         VTF    1.7          
         ITF     .6          
          TR   46.910000E-09 
         XTB    1.5          
          CN    2.42         
           D     .87         



          JOB CONCLUDED

          TOTAL JOB TIME             .08
