
**** 11/12/15 18:11:30 *********** Evaluation PSpice (Nov 1999) **************

  


 ****     CIRCUIT DESCRIPTION


******************************************************************************



Q1 2 1 3 Q2N2222
r1 1 2 50k
r2 1 0 10k
re 3 6 1k
rL 4 0 10k
c1 1 5 1u
c2 3 4 10u
Vcc 2 0 22V
Vee 0 6 22V
Vin 5 0 ac 0.1mV sin(0 0.1 1k)

.tran 50u 4m 50u
.ac dec 10 1 20k
.lib eval.lib
.probe
.end

**** 11/12/15 18:11:30 *********** Evaluation PSpice (Nov 1999) **************

  


 ****     BJT MODEL PARAMETERS


******************************************************************************




               Q2N2222         
               NPN             
          IS   14.340000E-15 
          BF  255.9          
          NF    1            
         VAF   74.03         
         IKF     .2847       
         ISE   14.340000E-15 
          NE    1.307        
          BR    6.092        
          NR    1            
          RB   10            
          RC    1            
         CJE   22.010000E-12 
         MJE     .377        
         CJC    7.306000E-12 
         MJC     .3416       
          TF  411.100000E-12 
         XTF    3            
         VTF    1.7          
         ITF     .6          
          TR   46.910000E-09 
         XTB    1.5          
          CN    2.42         
           D     .87         


**** 11/12/15 18:11:30 *********** Evaluation PSpice (Nov 1999) **************

  


 ****     SMALL SIGNAL BIAS SOLUTION       TEMPERATURE =   27.000 DEG C


******************************************************************************



 NODE   VOLTAGE     NODE   VOLTAGE     NODE   VOLTAGE     NODE   VOLTAGE


(    1)    2.7699  (    2)   22.0000  (    3)    2.0452  (    4)    0.0000      

(    5)    0.0000  (    6)  -22.0000  




    VOLTAGE SOURCE CURRENTS
    NAME         CURRENT

    Vcc         -2.432E-02
    Vee         -2.405E-02
    Vin          0.000E+00

    TOTAL POWER DISSIPATION   1.06E+00  WATTS


**** 11/12/15 18:11:30 *********** Evaluation PSpice (Nov 1999) **************

  


 ****     INITIAL TRANSIENT SOLUTION       TEMPERATURE =   27.000 DEG C


******************************************************************************



 NODE   VOLTAGE     NODE   VOLTAGE     NODE   VOLTAGE     NODE   VOLTAGE


(    1)    2.7699  (    2)   22.0000  (    3)    2.0452  (    4)    0.0000      

(    5)    0.0000  (    6)  -22.0000  




    VOLTAGE SOURCE CURRENTS
    NAME         CURRENT

    Vcc         -2.432E-02
    Vee         -2.405E-02
    Vin          0.000E+00

    TOTAL POWER DISSIPATION   1.06E+00  WATTS



          JOB CONCLUDED

          TOTAL JOB TIME             .06
